Traceback (most recent call last):
  File "/home/yash6599/Kalman-SINDy-PDE/.venv/bin/mitosis", line 8, in <module>
    sys.exit(main())
  File "/home/yash6599/Kalman-SINDy-PDE/.venv/lib/python3.10/site-packages/mitosis/__main__.py", line 213, in main
    kwargs = _process_cl_args(args)
  File "/home/yash6599/Kalman-SINDy-PDE/.venv/lib/python3.10/site-packages/mitosis/__main__.py", line 126, in _process_cl_args
    all_steps: dict[str, tuple[tuple[str, ExpRun], tuple[str, dict[str, Any]]]] = {
  File "/home/yash6599/Kalman-SINDy-PDE/.venv/lib/python3.10/site-packages/mitosis/__main__.py", line 127, in <dictcomp>
    k: ((runner, unpack(runner)), (lookup, unpack(lookup)))
  File "/home/yash6599/Kalman-SINDy-PDE/.venv/lib/python3.10/site-packages/mitosis/__init__.py", line 597, in unpack
    obj = import_module(modname)
  File "/usr/lib/python3.10/importlib/__init__.py", line 126, in import_module
    return _bootstrap._gcd_import(name[level:], package, level)
  File "<frozen importlib._bootstrap>", line 1050, in _gcd_import
  File "<frozen importlib._bootstrap>", line 1027, in _find_and_load
  File "<frozen importlib._bootstrap>", line 992, in _find_and_load_unlocked
  File "<frozen importlib._bootstrap>", line 241, in _call_with_frames_removed
  File "<frozen importlib._bootstrap>", line 1050, in _gcd_import
  File "<frozen importlib._bootstrap>", line 1027, in _find_and_load
  File "<frozen importlib._bootstrap>", line 1006, in _find_and_load_unlocked
  File "<frozen importlib._bootstrap>", line 688, in _load_unlocked
  File "<frozen importlib._bootstrap_external>", line 883, in exec_module
  File "<frozen importlib._bootstrap>", line 241, in _call_with_frames_removed
  File "/home/yash6599/Kalman-SINDy-PDE/.venv/lib/python3.10/site-packages/gen_experiments/__init__.py", line 8, in <module>
    from pysindy import BaseDifferentiation, FiniteDifference, SINDy
  File "/home/yash6599/Kalman-SINDy-PDE/.venv/lib/python3.10/site-packages/pysindy/__init__.py", line 9, in <module>
    from . import differentiation
  File "/home/yash6599/Kalman-SINDy-PDE/.venv/lib/python3.10/site-packages/pysindy/differentiation/__init__.py", line 3, in <module>
    from .sindy_derivative import SINDyDerivative
  File "/home/yash6599/Kalman-SINDy-PDE/.venv/lib/python3.10/site-packages/pysindy/differentiation/sindy_derivative.py", line 6, in <module>
    from derivative import methods
  File "/home/yash6599/Kalman-SINDy-PDE/.venv/lib/python3.10/site-packages/derivative/__init__.py", line 2, in <module>
    from .dglobal import Spectral, Spline, TrendFiltered, Kalman, Kernel
  File "/home/yash6599/Kalman-SINDy-PDE/.venv/lib/python3.10/site-packages/derivative/dglobal.py", line 9, in <module>
    from sklearn.linear_model import Lasso
  File "/home/yash6599/Kalman-SINDy-PDE/.venv/lib/python3.10/site-packages/sklearn/linear_model/__init__.py", line 21, in <module>
    from ._glm import GammaRegressor, PoissonRegressor, TweedieRegressor
  File "/home/yash6599/Kalman-SINDy-PDE/.venv/lib/python3.10/site-packages/sklearn/linear_model/_glm/__init__.py", line 3, in <module>
    from .glm import (
  File "<frozen importlib._bootstrap>", line 1027, in _find_and_load
  File "<frozen importlib._bootstrap>", line 1002, in _find_and_load_unlocked
  File "<frozen importlib._bootstrap>", line 945, in _find_spec
  File "<frozen importlib._bootstrap_external>", line 1439, in find_spec
  File "<frozen importlib._bootstrap_external>", line 1411, in _get_spec
  File "<frozen importlib._bootstrap_external>", line 1548, in find_spec
  File "<frozen importlib._bootstrap_external>", line 1591, in _fill_cache
KeyboardInterrupt
